ARM GAS  /tmp/cc1W3PAi.s 			page 1


   1              		.cpu cortex-m7
   2              		.arch armv7e-m
   3              		.fpu fpv5-d16
   4              		.eabi_attribute 28, 1
   5              		.eabi_attribute 20, 1
   6              		.eabi_attribute 21, 1
   7              		.eabi_attribute 23, 3
   8              		.eabi_attribute 24, 1
   9              		.eabi_attribute 25, 1
  10              		.eabi_attribute 26, 1
  11              		.eabi_attribute 30, 1
  12              		.eabi_attribute 34, 1
  13              		.eabi_attribute 18, 4
  14              		.file	"freertos.c"
  15              		.text
  16              	.Ltext0:
  17              		.cfi_sections	.debug_frame
  18              		.file 1 "Core/Src/freertos.c"
  19              		.section	.text.StartDefaultTask,"ax",%progbits
  20              		.align	1
  21              		.global	StartDefaultTask
  22              		.syntax unified
  23              		.thumb
  24              		.thumb_func
  26              	StartDefaultTask:
  27              	.LFB154:
   1:Core/Src/freertos.c **** /* USER CODE BEGIN Header */
   2:Core/Src/freertos.c **** /**
   3:Core/Src/freertos.c ****   ******************************************************************************
   4:Core/Src/freertos.c ****   * File Name          : freertos.c
   5:Core/Src/freertos.c ****   * Description        : Code for freertos applications
   6:Core/Src/freertos.c ****   ******************************************************************************
   7:Core/Src/freertos.c ****   * @attention
   8:Core/Src/freertos.c ****   *
   9:Core/Src/freertos.c ****   * Copyright (c) 2025 STMicroelectronics.
  10:Core/Src/freertos.c ****   * All rights reserved.
  11:Core/Src/freertos.c ****   *
  12:Core/Src/freertos.c ****   * This software is licensed under terms that can be found in the LICENSE file
  13:Core/Src/freertos.c ****   * in the root directory of this software component.
  14:Core/Src/freertos.c ****   * If no LICENSE file comes with this software, it is provided AS-IS.
  15:Core/Src/freertos.c ****   *
  16:Core/Src/freertos.c ****   ******************************************************************************
  17:Core/Src/freertos.c ****   */
  18:Core/Src/freertos.c **** /* USER CODE END Header */
  19:Core/Src/freertos.c **** 
  20:Core/Src/freertos.c **** /* Includes ------------------------------------------------------------------*/
  21:Core/Src/freertos.c **** #include "FreeRTOS.h"
  22:Core/Src/freertos.c **** #include "task.h"
  23:Core/Src/freertos.c **** #include "main.h"
  24:Core/Src/freertos.c **** #include "cmsis_os.h"
  25:Core/Src/freertos.c **** 
  26:Core/Src/freertos.c **** /* Private includes ----------------------------------------------------------*/
  27:Core/Src/freertos.c **** /* USER CODE BEGIN Includes */
  28:Core/Src/freertos.c **** 
  29:Core/Src/freertos.c **** /* USER CODE END Includes */
  30:Core/Src/freertos.c **** 
  31:Core/Src/freertos.c **** /* Private typedef -----------------------------------------------------------*/
ARM GAS  /tmp/cc1W3PAi.s 			page 2


  32:Core/Src/freertos.c **** /* USER CODE BEGIN PTD */
  33:Core/Src/freertos.c **** 
  34:Core/Src/freertos.c **** /* USER CODE END PTD */
  35:Core/Src/freertos.c **** 
  36:Core/Src/freertos.c **** /* Private define ------------------------------------------------------------*/
  37:Core/Src/freertos.c **** /* USER CODE BEGIN PD */
  38:Core/Src/freertos.c **** 
  39:Core/Src/freertos.c **** /* USER CODE END PD */
  40:Core/Src/freertos.c **** 
  41:Core/Src/freertos.c **** /* Private macro -------------------------------------------------------------*/
  42:Core/Src/freertos.c **** /* USER CODE BEGIN PM */
  43:Core/Src/freertos.c **** 
  44:Core/Src/freertos.c **** /* USER CODE END PM */
  45:Core/Src/freertos.c **** 
  46:Core/Src/freertos.c **** /* Private variables ---------------------------------------------------------*/
  47:Core/Src/freertos.c **** /* USER CODE BEGIN Variables */
  48:Core/Src/freertos.c **** 
  49:Core/Src/freertos.c **** /* USER CODE END Variables */
  50:Core/Src/freertos.c **** osThreadId defaultTaskHandle;
  51:Core/Src/freertos.c **** 
  52:Core/Src/freertos.c **** /* Private function prototypes -----------------------------------------------*/
  53:Core/Src/freertos.c **** /* USER CODE BEGIN FunctionPrototypes */
  54:Core/Src/freertos.c **** 
  55:Core/Src/freertos.c **** /* USER CODE END FunctionPrototypes */
  56:Core/Src/freertos.c **** 
  57:Core/Src/freertos.c **** void StartDefaultTask(void const * argument);
  58:Core/Src/freertos.c **** 
  59:Core/Src/freertos.c **** void MX_FREERTOS_Init(void); /* (MISRA C 2004 rule 8.1) */
  60:Core/Src/freertos.c **** 
  61:Core/Src/freertos.c **** /* GetIdleTaskMemory prototype (linked to static allocation support) */
  62:Core/Src/freertos.c **** void vApplicationGetIdleTaskMemory( StaticTask_t **ppxIdleTaskTCBBuffer, StackType_t **ppxIdleTaskS
  63:Core/Src/freertos.c **** 
  64:Core/Src/freertos.c **** /* USER CODE BEGIN GET_IDLE_TASK_MEMORY */
  65:Core/Src/freertos.c **** static StaticTask_t xIdleTaskTCBBuffer;
  66:Core/Src/freertos.c **** static StackType_t xIdleStack[configMINIMAL_STACK_SIZE];
  67:Core/Src/freertos.c **** 
  68:Core/Src/freertos.c **** void vApplicationGetIdleTaskMemory( StaticTask_t **ppxIdleTaskTCBBuffer, StackType_t **ppxIdleTaskS
  69:Core/Src/freertos.c **** {
  70:Core/Src/freertos.c ****   *ppxIdleTaskTCBBuffer = &xIdleTaskTCBBuffer;
  71:Core/Src/freertos.c ****   *ppxIdleTaskStackBuffer = &xIdleStack[0];
  72:Core/Src/freertos.c ****   *pulIdleTaskStackSize = configMINIMAL_STACK_SIZE;
  73:Core/Src/freertos.c ****   /* place for user code */
  74:Core/Src/freertos.c **** }
  75:Core/Src/freertos.c **** /* USER CODE END GET_IDLE_TASK_MEMORY */
  76:Core/Src/freertos.c **** 
  77:Core/Src/freertos.c **** /**
  78:Core/Src/freertos.c ****   * @brief  FreeRTOS initialization
  79:Core/Src/freertos.c ****   * @param  None
  80:Core/Src/freertos.c ****   * @retval None
  81:Core/Src/freertos.c ****   */
  82:Core/Src/freertos.c **** void MX_FREERTOS_Init(void) {
  83:Core/Src/freertos.c ****   /* USER CODE BEGIN Init */
  84:Core/Src/freertos.c **** 
  85:Core/Src/freertos.c ****   /* USER CODE END Init */
  86:Core/Src/freertos.c **** 
  87:Core/Src/freertos.c ****   /* USER CODE BEGIN RTOS_MUTEX */
  88:Core/Src/freertos.c ****   /* add mutexes, ... */
ARM GAS  /tmp/cc1W3PAi.s 			page 3


  89:Core/Src/freertos.c ****   /* USER CODE END RTOS_MUTEX */
  90:Core/Src/freertos.c **** 
  91:Core/Src/freertos.c ****   /* USER CODE BEGIN RTOS_SEMAPHORES */
  92:Core/Src/freertos.c ****   /* add semaphores, ... */
  93:Core/Src/freertos.c ****   /* USER CODE END RTOS_SEMAPHORES */
  94:Core/Src/freertos.c **** 
  95:Core/Src/freertos.c ****   /* USER CODE BEGIN RTOS_TIMERS */
  96:Core/Src/freertos.c ****   /* start timers, add new ones, ... */
  97:Core/Src/freertos.c ****   /* USER CODE END RTOS_TIMERS */
  98:Core/Src/freertos.c **** 
  99:Core/Src/freertos.c ****   /* USER CODE BEGIN RTOS_QUEUES */
 100:Core/Src/freertos.c ****   /* add queues, ... */
 101:Core/Src/freertos.c ****   /* USER CODE END RTOS_QUEUES */
 102:Core/Src/freertos.c **** 
 103:Core/Src/freertos.c ****   /* Create the thread(s) */
 104:Core/Src/freertos.c ****   /* definition and creation of defaultTask */
 105:Core/Src/freertos.c ****   osThreadDef(defaultTask, StartDefaultTask, osPriorityNormal, 0, 128);
 106:Core/Src/freertos.c ****   defaultTaskHandle = osThreadCreate(osThread(defaultTask), NULL);
 107:Core/Src/freertos.c **** 
 108:Core/Src/freertos.c ****   /* USER CODE BEGIN RTOS_THREADS */
 109:Core/Src/freertos.c ****   /* add threads, ... */
 110:Core/Src/freertos.c ****   /* USER CODE END RTOS_THREADS */
 111:Core/Src/freertos.c **** 
 112:Core/Src/freertos.c **** }
 113:Core/Src/freertos.c **** 
 114:Core/Src/freertos.c **** /* USER CODE BEGIN Header_StartDefaultTask */
 115:Core/Src/freertos.c **** /**
 116:Core/Src/freertos.c ****   * @brief  Function implementing the defaultTask thread.
 117:Core/Src/freertos.c ****   * @param  argument: Not used
 118:Core/Src/freertos.c ****   * @retval None
 119:Core/Src/freertos.c ****   */
 120:Core/Src/freertos.c **** /* USER CODE END Header_StartDefaultTask */
 121:Core/Src/freertos.c **** void StartDefaultTask(void const * argument)
 122:Core/Src/freertos.c **** {
  28              		.loc 1 122 1 view -0
  29              		.cfi_startproc
  30              		@ Volatile: function does not return.
  31              		@ args = 0, pretend = 0, frame = 0
  32              		@ frame_needed = 0, uses_anonymous_args = 0
  33              	.LVL0:
  34              		.loc 1 122 1 is_stmt 0 view .LVU1
  35 0000 08B5     		push	{r3, lr}
  36              	.LCFI0:
  37              		.cfi_def_cfa_offset 8
  38              		.cfi_offset 3, -8
  39              		.cfi_offset 14, -4
  40              	.LVL1:
  41              	.L2:
 123:Core/Src/freertos.c ****   /* USER CODE BEGIN StartDefaultTask */
 124:Core/Src/freertos.c ****   /* Infinite loop */
 125:Core/Src/freertos.c ****   for(;;)
  42              		.loc 1 125 3 is_stmt 1 view .LVU2
 126:Core/Src/freertos.c ****   {
 127:Core/Src/freertos.c **** 
 128:Core/Src/freertos.c ****     osDelay(1);
  43              		.loc 1 128 5 discriminator 1 view .LVU3
  44 0002 0120     		movs	r0, #1
ARM GAS  /tmp/cc1W3PAi.s 			page 4


  45 0004 FFF7FEFF 		bl	osDelay
  46              	.LVL2:
 125:Core/Src/freertos.c ****   {
  47              		.loc 1 125 3 view .LVU4
  48 0008 FBE7     		b	.L2
  49              		.cfi_endproc
  50              	.LFE154:
  52              		.section	.text.vApplicationGetIdleTaskMemory,"ax",%progbits
  53              		.align	1
  54              		.global	vApplicationGetIdleTaskMemory
  55              		.syntax unified
  56              		.thumb
  57              		.thumb_func
  59              	vApplicationGetIdleTaskMemory:
  60              	.LVL3:
  61              	.LFB152:
  69:Core/Src/freertos.c ****   *ppxIdleTaskTCBBuffer = &xIdleTaskTCBBuffer;
  62              		.loc 1 69 1 view -0
  63              		.cfi_startproc
  64              		@ args = 0, pretend = 0, frame = 0
  65              		@ frame_needed = 0, uses_anonymous_args = 0
  66              		@ link register save eliminated.
  70:Core/Src/freertos.c ****   *ppxIdleTaskStackBuffer = &xIdleStack[0];
  67              		.loc 1 70 3 view .LVU6
  70:Core/Src/freertos.c ****   *ppxIdleTaskStackBuffer = &xIdleStack[0];
  68              		.loc 1 70 25 is_stmt 0 view .LVU7
  69 0000 034B     		ldr	r3, .L5
  70 0002 0360     		str	r3, [r0]
  71:Core/Src/freertos.c ****   *pulIdleTaskStackSize = configMINIMAL_STACK_SIZE;
  71              		.loc 1 71 3 is_stmt 1 view .LVU8
  71:Core/Src/freertos.c ****   *pulIdleTaskStackSize = configMINIMAL_STACK_SIZE;
  72              		.loc 1 71 27 is_stmt 0 view .LVU9
  73 0004 034B     		ldr	r3, .L5+4
  74 0006 0B60     		str	r3, [r1]
  72:Core/Src/freertos.c ****   /* place for user code */
  75              		.loc 1 72 3 is_stmt 1 view .LVU10
  72:Core/Src/freertos.c ****   /* place for user code */
  76              		.loc 1 72 25 is_stmt 0 view .LVU11
  77 0008 8023     		movs	r3, #128
  78 000a 1360     		str	r3, [r2]
  74:Core/Src/freertos.c **** /* USER CODE END GET_IDLE_TASK_MEMORY */
  79              		.loc 1 74 1 view .LVU12
  80 000c 7047     		bx	lr
  81              	.L6:
  82 000e 00BF     		.align	2
  83              	.L5:
  84 0010 00000000 		.word	xIdleTaskTCBBuffer
  85 0014 00000000 		.word	xIdleStack
  86              		.cfi_endproc
  87              	.LFE152:
  89              		.section	.text.MX_FREERTOS_Init,"ax",%progbits
  90              		.align	1
  91              		.global	MX_FREERTOS_Init
  92              		.syntax unified
  93              		.thumb
  94              		.thumb_func
  96              	MX_FREERTOS_Init:
ARM GAS  /tmp/cc1W3PAi.s 			page 5


  97              	.LFB153:
  82:Core/Src/freertos.c ****   /* USER CODE BEGIN Init */
  98              		.loc 1 82 29 is_stmt 1 view -0
  99              		.cfi_startproc
 100              		@ args = 0, pretend = 0, frame = 32
 101              		@ frame_needed = 0, uses_anonymous_args = 0
 102 0000 10B5     		push	{r4, lr}
 103              	.LCFI1:
 104              		.cfi_def_cfa_offset 8
 105              		.cfi_offset 4, -8
 106              		.cfi_offset 14, -4
 107 0002 88B0     		sub	sp, sp, #32
 108              	.LCFI2:
 109              		.cfi_def_cfa_offset 40
 105:Core/Src/freertos.c ****   defaultTaskHandle = osThreadCreate(osThread(defaultTask), NULL);
 110              		.loc 1 105 3 view .LVU14
 111 0004 0DF1040C 		add	ip, sp, #4
 112 0008 074C     		ldr	r4, .L9
 113 000a 0FCC     		ldmia	r4!, {r0, r1, r2, r3}
 114 000c ACE80F00 		stmia	ip!, {r0, r1, r2, r3}
 115 0010 94E80700 		ldm	r4, {r0, r1, r2}
 116 0014 8CE80700 		stm	ip, {r0, r1, r2}
 106:Core/Src/freertos.c **** 
 117              		.loc 1 106 3 view .LVU15
 106:Core/Src/freertos.c **** 
 118              		.loc 1 106 23 is_stmt 0 view .LVU16
 119 0018 0021     		movs	r1, #0
 120 001a 01A8     		add	r0, sp, #4
 121 001c FFF7FEFF 		bl	osThreadCreate
 122              	.LVL4:
 106:Core/Src/freertos.c **** 
 123              		.loc 1 106 21 discriminator 1 view .LVU17
 124 0020 024B     		ldr	r3, .L9+4
 125 0022 1860     		str	r0, [r3]
 112:Core/Src/freertos.c **** 
 126              		.loc 1 112 1 view .LVU18
 127 0024 08B0     		add	sp, sp, #32
 128              	.LCFI3:
 129              		.cfi_def_cfa_offset 8
 130              		@ sp needed
 131 0026 10BD     		pop	{r4, pc}
 132              	.L10:
 133              		.align	2
 134              	.L9:
 135 0028 00000000 		.word	.LANCHOR0
 136 002c 00000000 		.word	defaultTaskHandle
 137              		.cfi_endproc
 138              	.LFE153:
 140              		.section	.rodata.str1.4,"aMS",%progbits,1
 141              		.align	2
 142              	.LC0:
 143 0000 64656661 		.ascii	"defaultTask\000"
 143      756C7454 
 143      61736B00 
 144              		.section	.bss.xIdleStack,"aw",%nobits
 145              		.align	2
 148              	xIdleStack:
ARM GAS  /tmp/cc1W3PAi.s 			page 6


 149 0000 00000000 		.space	512
 149      00000000 
 149      00000000 
 149      00000000 
 149      00000000 
 150              		.section	.bss.xIdleTaskTCBBuffer,"aw",%nobits
 151              		.align	2
 154              	xIdleTaskTCBBuffer:
 155 0000 00000000 		.space	84
 155      00000000 
 155      00000000 
 155      00000000 
 155      00000000 
 156              		.global	defaultTaskHandle
 157              		.section	.bss.defaultTaskHandle,"aw",%nobits
 158              		.align	2
 161              	defaultTaskHandle:
 162 0000 00000000 		.space	4
 163              		.section	.rodata
 164              		.align	2
 165              		.set	.LANCHOR0,. + 0
 166              	.LC2:
 167 0000 00000000 		.word	.LC0
 168 0004 00000000 		.word	StartDefaultTask
 169 0008 0000     		.short	0
 170 000a 0000     		.space	2
 171 000c 00000000 		.word	0
 172 0010 80000000 		.word	128
 173 0014 00000000 		.word	0
 174 0018 00000000 		.word	0
 175              		.text
 176              	.Letext0:
 177              		.file 2 "/usr/arm-none-eabi/include/machine/_default_types.h"
 178              		.file 3 "/usr/arm-none-eabi/include/sys/_stdint.h"
 179              		.file 4 "Middlewares/Third_Party/FreeRTOS/Source/portable/GCC/ARM_CM4F/portmacro.h"
 180              		.file 5 "Middlewares/Third_Party/FreeRTOS/Source/include/FreeRTOS.h"
 181              		.file 6 "Middlewares/Third_Party/FreeRTOS/Source/include/task.h"
 182              		.file 7 "Middlewares/Third_Party/FreeRTOS/Source/CMSIS_RTOS/cmsis_os.h"
ARM GAS  /tmp/cc1W3PAi.s 			page 7


DEFINED SYMBOLS
                            *ABS*:00000000 freertos.c
     /tmp/cc1W3PAi.s:20     .text.StartDefaultTask:00000000 $t
     /tmp/cc1W3PAi.s:26     .text.StartDefaultTask:00000000 StartDefaultTask
     /tmp/cc1W3PAi.s:53     .text.vApplicationGetIdleTaskMemory:00000000 $t
     /tmp/cc1W3PAi.s:59     .text.vApplicationGetIdleTaskMemory:00000000 vApplicationGetIdleTaskMemory
     /tmp/cc1W3PAi.s:84     .text.vApplicationGetIdleTaskMemory:00000010 $d
     /tmp/cc1W3PAi.s:154    .bss.xIdleTaskTCBBuffer:00000000 xIdleTaskTCBBuffer
     /tmp/cc1W3PAi.s:148    .bss.xIdleStack:00000000 xIdleStack
     /tmp/cc1W3PAi.s:90     .text.MX_FREERTOS_Init:00000000 $t
     /tmp/cc1W3PAi.s:96     .text.MX_FREERTOS_Init:00000000 MX_FREERTOS_Init
     /tmp/cc1W3PAi.s:135    .text.MX_FREERTOS_Init:00000028 $d
     /tmp/cc1W3PAi.s:161    .bss.defaultTaskHandle:00000000 defaultTaskHandle
     /tmp/cc1W3PAi.s:141    .rodata.str1.4:00000000 $d
     /tmp/cc1W3PAi.s:145    .bss.xIdleStack:00000000 $d
     /tmp/cc1W3PAi.s:151    .bss.xIdleTaskTCBBuffer:00000000 $d
     /tmp/cc1W3PAi.s:158    .bss.defaultTaskHandle:00000000 $d
     /tmp/cc1W3PAi.s:164    .rodata:00000000 $d

UNDEFINED SYMBOLS
osDelay
osThreadCreate
